2023-12-01 11:19:22 DEBUG NodeConfiguration:21 - NODE VERSION: "30.11.23"
2023-12-01 15:56:30 DEBUG NodeConfiguration:21 - NODE VERSION: "30.11.23"
2023-12-02 10:03:49 DEBUG NodeConfiguration:21 - NODE VERSION: "30.11.23"
2023-12-02 10:08:17 DEBUG NodeConfiguration:21 - NODE VERSION: "30.11.23"
2023-12-02 10:11:25 DEBUG NodeConfiguration:21 - NODE VERSION: "30.11.23"
2023-12-02 10:17:50 DEBUG NodeConfiguration:21 - NODE VERSION: "30.11.23"
2023-12-02 10:19:47 DEBUG NodeConfiguration:21 - NODE VERSION: "30.11.23"
2023-12-02 10:33:30 DEBUG NodeConfiguration:21 - NODE VERSION: "30.11.23"
2023-12-02 10:35:44 DEBUG NodeConfiguration:21 - NODE VERSION: "30.11.23"
2023-12-02 10:37:00 DEBUG NodeConfiguration:21 - NODE VERSION: "30.11.23"
2023-12-02 10:39:15 DEBUG NodeConfiguration:21 - NODE VERSION: "30.11.23"
2023-12-02 10:44:48 DEBUG NodeConfiguration:23 - NODE VERSION: "30.11.23"
2023-12-02 10:52:07 DEBUG NodeConfiguration:23 - NODE VERSION: "30.11.23"
2023-12-02 11:10:25 DEBUG NodeConfiguration:28 - NODE VERSION: "30.11.23"
2023-12-02 11:15:32 DEBUG NodeConfiguration:28 - NODE VERSION: "30.11.23"
2023-12-02 11:36:15 DEBUG NodeConfiguration:27 - NODE VERSION: "30.11.23"
2023-12-03 07:29:02 DEBUG NodeConfiguration:27 - NODE VERSION: "30.11.23"
2023-12-03 07:42:20 DEBUG NodeConfiguration:27 - NODE VERSION: "30.11.23"
2023-12-03 07:44:06 DEBUG NodeConfiguration:27 - NODE VERSION: "30.11.23"
2023-12-03 08:03:15 DEBUG NodeConfiguration:27 - NODE VERSION: "30.11.23"
2023-12-03 08:48:18 DEBUG NodeConfiguration:27 - NODE VERSION: "30.11.23"
2023-12-03 08:49:25 DEBUG NodeConfiguration:27 - NODE VERSION: "30.11.23"
2023-12-03 09:10:10 DEBUG NodeConfiguration:27 - NODE VERSION: "30.11.23"
2023-12-03 09:11:09 DEBUG NodeConfiguration:27 - NODE VERSION: "30.11.23"
2023-12-03 09:11:48 DEBUG NodeConfiguration:27 - NODE VERSION: "30.11.23"
2023-12-03 09:14:22 DEBUG NodeConfiguration:27 - NODE VERSION: "30.11.23"
2023-12-03 09:15:06 DEBUG NodeConfiguration:27 - NODE VERSION: "30.11.23"
2023-12-03 09:16:52 DEBUG NodeConfiguration:27 - NODE VERSION: "30.11.23"
2023-12-03 09:18:04 DEBUG NodeConfiguration:27 - NODE VERSION: "30.11.23"
2023-12-03 09:19:15 DEBUG NodeConfiguration:27 - NODE VERSION: "30.11.23"
2023-12-03 09:23:51 DEBUG NodeConfiguration:27 - NODE VERSION: "30.11.23"
2023-12-03 09:24:31 DEBUG NodeConfiguration:27 - NODE VERSION: "30.11.23"
2023-12-03 09:26:46 DEBUG NodeConfiguration:27 - NODE VERSION: "30.11.23"
2023-12-03 09:31:15 DEBUG NodeConfiguration:27 - NODE VERSION: "30.11.23"
2023-12-03 09:32:39 DEBUG NodeConfiguration:27 - NODE VERSION: "30.11.23"
2023-12-03 09:34:23 DEBUG NodeConfiguration:27 - NODE VERSION: "30.11.23"
2023-12-03 09:36:07 DEBUG NodeConfiguration:27 - NODE VERSION: "30.11.23"
2023-12-03 10:04:43 DEBUG NodeConfiguration:27 - NODE VERSION: "30.11.23"
2023-12-03 10:10:09 DEBUG NodeConfiguration:27 - NODE VERSION: "30.11.23"
2023-12-03 19:24:09 DEBUG NodeConfiguration:29 - NODE VERSION: "30.11.23"
2023-12-04 13:20:59 DEBUG NodeConfiguration:29 - NODE VERSION: "30.11.23"
2023-12-04 13:21:09 DEBUG ConnectionClass:37 - url : http://http://localhost/
2023-12-04 13:21:36 ERROR ConnectionClass:52 - java.net.ConnectException
2023-12-04 13:21:43 DEBUG NodeConfiguration:29 - NODE VERSION: "30.11.23"
2023-12-04 13:21:50 DEBUG ConnectionClass:37 - url : http://localhost/
2023-12-04 13:21:52 ERROR ConnectionClass:52 - java.net.ConnectException
2023-12-04 13:22:26 DEBUG NodeConfiguration:29 - NODE VERSION: "30.11.23"
2023-12-04 13:22:26 DEBUG ConnectionClass:37 - url : http://localhost/
2023-12-04 13:22:26 ERROR ConnectionClass:52 - java.net.ConnectException
2023-12-04 13:22:26 DEBUG ConnectionClass:37 - url : http://localhost/
2023-12-04 13:22:26 ERROR ConnectionClass:52 - java.net.ConnectException
2023-12-04 13:22:26 DEBUG ConnectionClass:37 - url : http://localhost/
2023-12-04 13:22:26 ERROR ConnectionClass:52 - java.net.ConnectException
2023-12-04 13:22:26 DEBUG BranchesManager:23 - StartManager : false
2023-12-04 13:22:26 DEBUG BranchesManager:24 - OrderManager : false
2023-12-04 13:22:26 DEBUG BranchesManager:25 - CheckOrderManager : false
2023-12-04 16:26:25 DEBUG NodeConfiguration:29 - NODE VERSION: "30.11.23"
2023-12-04 16:26:25 DEBUG ConnectionClass:38 - url : http://localhost:9001/
2023-12-04 16:26:55 DEBUG NodeConfiguration:29 - NODE VERSION: "30.11.23"
2023-12-04 16:27:15 DEBUG NodeConfiguration:29 - NODE VERSION: "30.11.23"
2023-12-04 16:31:21 DEBUG NodeConfiguration:29 - NODE VERSION: "30.11.23"
2023-12-04 16:32:22 DEBUG NodeConfiguration:29 - NODE VERSION: "30.11.23"
2023-12-04 16:34:42 DEBUG NodeConfiguration:29 - NODE VERSION: "30.11.23"
2023-12-04 16:34:49 DEBUG ConnectionClass:38 - url : http://localhost:9001/
2023-12-04 16:35:22 DEBUG NodeConfiguration:29 - NODE VERSION: "30.11.23"
2023-12-04 16:35:22 DEBUG ConnectionClass:38 - url : http://localhost:9001/
2023-12-04 16:36:29 DEBUG NodeConfiguration:29 - NODE VERSION: "30.11.23"
2023-12-04 16:36:29 DEBUG ConnectionClass:39 - url : http://localhost:9001/
2023-12-04 16:36:29 ERROR ConnectionClass:58 - java.lang.RuntimeException: Не совпадают имя пользователя
2023-12-04 16:36:29 DEBUG ConnectionClass:39 - url : http://localhost:9002/
2023-12-04 16:36:29 ERROR ConnectionClass:54 - java.net.ConnectException
2023-12-04 16:36:29 DEBUG ConnectionClass:39 - url : http://localhost:9003/
2023-12-04 16:36:29 ERROR ConnectionClass:54 - java.net.ConnectException
2023-12-04 16:36:29 DEBUG BranchesManager:24 - StartManager : false
2023-12-04 16:36:29 DEBUG BranchesManager:25 - OrderManager : false
2023-12-04 16:36:29 DEBUG BranchesManager:26 - CheckOrderManager : false
2023-12-05 10:35:22 DEBUG NodeConfiguration:29 - NODE VERSION: "30.11.23"
2023-12-05 10:35:45 DEBUG ConnectionClass:39 - url : http://localhost:9001/
2023-12-05 10:38:09 ERROR ConnectionClass:58 - java.lang.RuntimeException: Не совпадают имя пользователя
2023-12-05 10:38:09 DEBUG ConnectionClass:39 - url : http://localhost:9002/
2023-12-05 10:38:09 ERROR ConnectionClass:58 - java.lang.RuntimeException: Не совпадают имя пользователя
2023-12-05 10:38:09 DEBUG ConnectionClass:39 - url : http://localhost:9003/
2023-12-05 10:38:09 ERROR ConnectionClass:58 - java.lang.RuntimeException: Не совпадают имя пользователя
2023-12-05 10:38:09 DEBUG BranchesManager:24 - StartManager : false
2023-12-05 10:38:09 DEBUG BranchesManager:25 - OrderManager : false
2023-12-05 10:38:09 DEBUG BranchesManager:26 - CheckOrderManager : false
2023-12-05 10:38:17 DEBUG NodeConfiguration:29 - NODE VERSION: "30.11.23"
2023-12-05 10:38:58 DEBUG ConnectionClass:39 - url : http://localhost:9001/
2023-12-05 10:38:58 ERROR ConnectionClass:58 - java.lang.RuntimeException: 404 
body : {"timestamp":"2023-12-05T02:38:58.534+00:00","status":404,"error":"Not Found","path":"/"}
2023-12-05 10:38:59 DEBUG ConnectionClass:39 - url : http://localhost:9002/
2023-12-05 10:38:59 ERROR ConnectionClass:58 - java.lang.RuntimeException: 404 
body : {"timestamp":"2023-12-05T02:38:59.064+00:00","status":404,"error":"Not Found","path":"/"}
2023-12-05 10:38:59 DEBUG ConnectionClass:39 - url : http://localhost:9003/
2023-12-05 10:38:59 ERROR ConnectionClass:58 - java.lang.RuntimeException: 404 
body : {"timestamp":"2023-12-05T02:38:59.468+00:00","status":404,"error":"Not Found","path":"/"}
2023-12-05 10:39:00 DEBUG BranchesManager:24 - StartManager : false
2023-12-05 10:39:00 DEBUG BranchesManager:25 - OrderManager : false
2023-12-05 10:39:01 DEBUG BranchesManager:26 - CheckOrderManager : false
2023-12-05 10:54:55 DEBUG NodeConfiguration:29 - NODE VERSION: "30.11.23"
2023-12-05 10:54:55 DEBUG ConnectionClass:39 - url : http://localhost:9001/
2023-12-05 10:54:55 DEBUG ConnectionClass:48 - true
2023-12-05 10:54:55 DEBUG ConnectionClass:39 - url : http://localhost:9002/
2023-12-05 10:54:55 DEBUG ConnectionClass:48 - true
2023-12-05 10:54:55 DEBUG ConnectionClass:39 - url : http://localhost:9003/
2023-12-05 10:54:55 DEBUG ConnectionClass:48 - true
2023-12-05 10:54:55 DEBUG BranchesManager:24 - StartManager : true
2023-12-05 10:54:55 DEBUG BranchesManager:25 - OrderManager : true
2023-12-05 10:54:55 DEBUG BranchesManager:26 - CheckOrderManager : true
2023-12-05 11:28:57 DEBUG NodeConfiguration:29 - NODE VERSION: "30.11.23"
2023-12-05 11:28:57 DEBUG ConnectionClass:32 - URL: http://localhost:9001/
2023-12-05 11:28:57 DEBUG ConnectionClass:37 - The branch 'check order service' is online
2023-12-05 11:28:57 DEBUG BranchesManager:21 - StartManager : The branch 'check order service' is online
2023-12-05 11:28:57 DEBUG ConnectionClass:32 - URL: http://localhost:9002/
2023-12-05 11:28:57 DEBUG ConnectionClass:37 - The branch 'node order service' is online
2023-12-05 11:28:57 DEBUG BranchesManager:22 - OrderManager : The branch 'node order service' is online
2023-12-05 11:28:57 DEBUG ConnectionClass:32 - URL: http://localhost:9003/
2023-12-05 11:28:57 DEBUG ConnectionClass:37 - The branch 'check order service' is online
2023-12-05 11:28:57 DEBUG BranchesManager:23 - CheckOrderManager : The branch 'check order service' is online
2023-12-05 11:28:57 DEBUG ConnectionClass:32 - URL: http://localhost:9001/
2023-12-05 11:28:57 DEBUG ConnectionClass:37 - The branch 'check order service' is online
2023-12-05 11:28:57 DEBUG ConnectionClass:32 - URL: http://localhost:9002/
2023-12-05 11:28:57 DEBUG ConnectionClass:37 - The branch 'node order service' is online
2023-12-05 11:28:57 DEBUG ConnectionClass:32 - URL: http://localhost:9003/
2023-12-05 11:28:57 DEBUG ConnectionClass:37 - The branch 'check order service' is online
